
> geogestion@18.2.19 build C:\GeoGestionV2
> ng build

[33m❯[39m Building...
[32m✔[39m Building...
Application bundle generation failed. [11.112 seconds]

[1m[31m[31mX [41;31m[[41;97mERROR[41;31m][0m [1mTS2339: Property 'name' does not exist on type 'ProceduresCollection'.[0m [1m[35m[plugin angular-compiler][0m

    src/app/apps/components/information-property/historical-active-procedures/historical-active-procedures.component.ts:306:36:
[37m      306 │           processName: row.process?.[32mname[37m
          ╵                                     [32m~~~~[0m


[31mX [41;31m[[41;97mERROR[41;31m][0m [1mTS2339: Property 'name' does not exist on type 'ProceduresCollection'.[0m [1m[35m[plugin angular-compiler][0m

    src/app/apps/components/tables/table-procedures/table-procedures.component.ts:599:38:
[37m      599 │             processName: row.process?.[32mname[37m
          ╵                                       [32m~~~~[0m


[31mX [41;31m[[41;97mERROR[41;31m][0m [1mTS2303: Circular definition of import alias 'UserDetails'.[0m [1m[35m[plugin angular-compiler][0m

    src/app/apps/interfaces/users/digitalized-signatures.ts:1:9:
[37m      1 │ import { [32mUserDetails[37m } from '@shared/interfaces';
        ╵          [32m~~~~~~~~~~~[0m


[31mX [41;31m[[41;97mERROR[41;31m][0m [1mTS-992003: No suitable injection token for parameter 'requestsService' of class 'AlertsService'.
  Consider using the @Inject decorator to specify an injection token.[0m [1m[35m[plugin angular-compiler][0m

    src/app/apps/services/alerts/alertes.service.ts:23:12:
[37m      23 │     private [32mrequestsService[37m: SendGeneralRequestsService
         ╵             [32m~~~~~~~~~~~~~~~[0m

  This type does not have a value, so it cannot be used as injection token.

    src/app/apps/services/alerts/alertes.service.ts:23:29:
[37m      23 │     private requestsService: [32mSendGeneralRequestsService[37m
         ╵                              [32m~~~~~~~~~~~~~~~~~~~~~~~~~~[0m


[31mX [41;31m[[41;97mERROR[41;31m][0m [1mTS2304: Cannot find name 'SendGeneralRequestsService'.[0m [1m[35m[plugin angular-compiler][0m

    src/app/apps/services/alerts/alertes.service.ts:23:29:
[37m      23 │     private requestsService: [32mSendGeneralRequestsService[37m
         ╵                              [32m~~~~~~~~~~~~~~~~~~~~~~~~~~[0m


[31mX [41;31m[[41;97mERROR[41;31m][0m [1mTS2300: Duplicate identifier 'SendGeneralRequestsService'.[0m [1m[35m[plugin angular-compiler][0m

    src/app/apps/services/bpm/bpm-core.service.ts:2:9:
[37m      2 │ import { [32mSendGeneralRequestsService[37m } from '@shared/services';
        ╵          [32m~~~~~~~~~~~~~~~~~~~~~~~~~~[0m


[31mX [41;31m[[41;97mERROR[41;31m][0m [1mTS2300: Duplicate identifier 'SendGeneralRequestsService'.[0m [1m[35m[plugin angular-compiler][0m

    src/app/apps/services/bpm/bpm-core.service.ts:11:9:
[37m      11 │ import { [32mSendGeneralRequestsService[37m } from '@shared/services';
         ╵          [32m~~~~~~~~~~~~~~~~~~~~~~~~~~[0m


[31mX [41;31m[[41;97mERROR[41;31m][0m [1mTS-992003: No suitable injection token for parameter 'requestsService' of class 'ParticipantsService'.
  Consider using the @Inject decorator to specify an injection token.[0m [1m[35m[plugin angular-compiler][0m

    src/app/apps/services/bpm/participants-service.service.ts:22:12:
[37m      22 │     private [32mrequestsService[37m: SendGeneralRequestsService
         ╵             [32m~~~~~~~~~~~~~~~[0m

  This type does not have a value, so it cannot be used as injection token.

    src/app/apps/services/bpm/participants-service.service.ts:22:29:
[37m      22 │     private requestsService: [32mSendGeneralRequestsService[37m
         ╵                              [32m~~~~~~~~~~~~~~~~~~~~~~~~~~[0m


[31mX [41;31m[[41;97mERROR[41;31m][0m [1mTS2304: Cannot find name 'SendGeneralRequestsService'.[0m [1m[35m[plugin angular-compiler][0m

    src/app/apps/services/bpm/participants-service.service.ts:22:29:
[37m      22 │     private requestsService: [32mSendGeneralRequestsService[37m
         ╵                              [32m~~~~~~~~~~~~~~~~~~~~~~~~~~[0m


[31mX [41;31m[[41;97mERROR[41;31m][0m [1mTS1068: Unexpected token. A constructor, method, accessor, or property was expected.[0m [1m[35m[plugin angular-compiler][0m

    src/app/apps/services/bpm/recognition-property.service.ts:18:49:
[37m      18 │ ...tpClient = inject(HttpClient); [32m=[37m inject(SendGeneralRequestsServ...
         ╵                                   [32m^[0m


[31mX [41;31m[[41;97mERROR[41;31m][0m [1mTS7010: 'inject', which lacks return-type annotation, implicitly has an 'any' return type.[0m [1m[35m[plugin angular-compiler][0m

    src/app/apps/services/bpm/recognition-property.service.ts:18:51:
[37m      18 │ ...Client = inject(HttpClient); = [32minject[37m(SendGeneralRequestsService);
         ╵                                   [32m~~~~~~[0m


[31mX [41;31m[[41;97mERROR[41;31m][0m [1mTS7006: Parameter 'SendGeneralRequestsService' implicitly has an 'any' type.[0m [1m[35m[plugin angular-compiler][0m

    src/app/apps/services/bpm/recognition-property.service.ts:18:58:
[37m      18 │ ...Client = inject(HttpClient); = inject([32mSendGeneralRequestsService[37m);
         ╵                                          [32m~~~~~~~~~~~~~~~~~~~~~~~~~~[0m


[31mX [41;31m[[41;97mERROR[41;31m][0m [1mTS2389: Function implementation name must be 'inject'.[0m [1m[35m[plugin angular-compiler][0m

    src/app/apps/services/bpm/recognition-property.service.ts:20:2:
[37m      20 │   [32mcreateRecognitionProperty[37m(
         ╵   [32m~~~~~~~~~~~~~~~~~~~~~~~~~[0m


[31mX [41;31m[[41;97mERROR[41;31m][0m [1mTS2322: Type 'Observable<InfoPerson>' is not assignable to type 'Observable<InfoOwners[]>'.
  Type 'InfoPerson' is missing the following properties from type 'InfoOwners[]': length, pop, push, concat, and 29 more.[0m [1m[35m[plugin angular-compiler][0m

    src/app/apps/services/bpm/rrright.service.ts:25:4:
[37m      25 │     [32mreturn[37m this.http.get<InfoPerson>(url)
         ╵     [32m~~~~~~[0m


[31mX [41;31m[[41;97mERROR[41;31m][0m [1mTS-992003: No suitable injection token for parameter 'requestsService' of class 'DomainLadmColService'.
  Consider using the @Inject decorator to specify an injection token.[0m [1m[35m[plugin angular-compiler][0m

    src/app/apps/services/economic-mod-land/domain-ladm-col.service.ts:19:12:
[37m      19 │     private [32mrequestsService[37m: SendGeneralRequestsService
         ╵             [32m~~~~~~~~~~~~~~~[0m

  This type does not have a value, so it cannot be used as injection token.

    src/app/apps/services/economic-mod-land/domain-ladm-col.service.ts:19:29:
[37m      19 │     private requestsService: [32mSendGeneralRequestsService[37m
         ╵                              [32m~~~~~~~~~~~~~~~~~~~~~~~~~~[0m


[31mX [41;31m[[41;97mERROR[41;31m][0m [1mTS2304: Cannot find name 'SendGeneralRequestsService'.[0m [1m[35m[plugin angular-compiler][0m

    src/app/apps/services/economic-mod-land/domain-ladm-col.service.ts:19:29:
[37m      19 │     private requestsService: [32mSendGeneralRequestsService[37m
         ╵                              [32m~~~~~~~~~~~~~~~~~~~~~~~~~~[0m


[31mX [41;31m[[41;97mERROR[41;31m][0m [1mTS2416: Property 'getZones' in type 'GeoeconomicZoneService' is not assignable to the same property in base type 'ZoneServices'.
  Type '(divpolLv1: string, divpolLv2: string) => Observable<GeoEconomicZone[]>' is not assignable to type '(divpolLv1: string, divpolLv2: string) => Observable<UrbanZone[] | RuralZone[] | GeoEconomicZone[]>'.
    Type 'Observable<GeoEconomicZone[]>' is not assignable to type 'Observable<UrbanZone[] | RuralZone[] | GeoEconomicZone[]>'.
      Type 'GeoEconomicZone[]' is not assignable to type 'UrbanZone[] | RuralZone[] | GeoEconomicZone[]'.
        Type 'GeoEconomicZone[]' is not assignable to type 'UrbanZone[]'.
          Type 'GeoEconomicZone' is missing the following properties from type 'UrbanZone': zonaHomoFisicaUrId, zonaHomoFisicaUrCode, domTopografiaZonaTipo, domInfluenciaVialUrbanaTipo, and 4 more.[0m [1m[35m[plugin angular-compiler][0m

    src/app/apps/services/economic-mod-land/geoeconomic-zone.service.ts:20:2:
[37m      20 │   [32mgetZones[37m(divpolLv1: string, divpolLv2: string): Observable<GeoEc...
         ╵   [32m~~~~~~~~[0m


[31mX [41;31m[[41;97mERROR[41;31m][0m [1mTS2416: Property 'createZone' in type 'GeoeconomicZoneService' is not assignable to the same property in base type 'ZoneServices'.
  Type '(params: Zone) => Observable<GeoEconomicZone>' is not assignable to type '(params: Zone) => Observable<Zone>'.
    Type 'Observable<GeoEconomicZone>' is not assignable to type 'Observable<Zone>'.
      Type 'GeoEconomicZone' is not assignable to type 'Zone'.
        Type 'import("C:/GeoGestionV2/src/app/apps/interfaces/information-property/geo-economic-zone").GeoEconomicZone' is not assignable to type 'import("C:/GeoGestionV2/src/app/apps/interfaces/economic-mod-land/zone-description").GeoEconomicZone'.
          Types of property 'zonaHomoGeoEconomicaId' are incompatible.
            Type 'number | undefined' is not assignable to type 'number'.
              Type 'undefined' is not assignable to type 'number'.[0m [1m[35m[plugin angular-compiler][0m

    src/app/apps/services/economic-mod-land/geoeconomic-zone.service.ts:35:2:
[37m      35 │   [32mcreateZone[37m(params: Zone): Observable<GeoEconomicZone> {
         ╵   [32m~~~~~~~~~~[0m


[31mX [41;31m[[41;97mERROR[41;31m][0m [1mTS2416: Property 'updateZone' in type 'GeoeconomicZoneService' is not assignable to the same property in base type 'ZoneServices'.
  Type '(params: GeoEconomicZone) => Observable<GeoEconomicZone>' is not assignable to type '(params: any) => Observable<Zone>'.
    Type 'Observable<GeoEconomicZone>' is not assignable to type 'Observable<Zone>'.[0m [1m[35m[plugin angular-compiler][0m

    src/app/apps/services/economic-mod-land/geoeconomic-zone.service.ts:46:2:
[37m      46 │   [32mupdateZone[37m(params: GeoEconomicZone): Observable<GeoEconomicZone> {
         ╵   [32m~~~~~~~~~~[0m


[31mX [41;31m[[41;97mERROR[41;31m][0m [1mTS2395: Individual declarations in merged declaration 'SendGeneralRequestsService' must be all exported or all local.[0m [1m[35m[plugin angular-compiler][0m

    src/app/apps/services/general/send-general-requests.service.ts:2:9:
[37m      2 │ import { [32mSendGeneralRequestsService[37m } from '@shared/services';
        ╵          [32m~~~~~~~~~~~~~~~~~~~~~~~~~~[0m


[31mX [41;31m[[41;97mERROR[41;31m][0m [1mTS2440: Import declaration conflicts with local declaration of 'SendGeneralRequestsService'.[0m [1m[35m[plugin angular-compiler][0m

    src/app/apps/services/general/send-general-requests.service.ts:2:9:
[37m      2 │ import { [32mSendGeneralRequestsService[37m } from '@shared/services';
        ╵          [32m~~~~~~~~~~~~~~~~~~~~~~~~~~[0m


[31mX [41;31m[[41;97mERROR[41;31m][0m [1mTS2395: Individual declarations in merged declaration 'SendGeneralRequestsService' must be all exported or all local.[0m [1m[35m[plugin angular-compiler][0m

    src/app/apps/services/general/send-general-requests.service.ts:12:13:
[37m      12 │ export class [32mSendGeneralRequestsService[37m {
         ╵              [32m~~~~~~~~~~~~~~~~~~~~~~~~~~[0m


[31mX [41;31m[[41;97mERROR[41;31m][0m [1mTS-992003: No suitable injection token for parameter 'requestsService' of class 'InformationConstructionsService'.
  Consider using the @Inject decorator to specify an injection token.[0m [1m[35m[plugin angular-compiler][0m

    src/app/apps/services/information-property/information-constructions-property/information-constructions.service.ts:25:12:
[37m      25 │     private [32mrequestsService[37m: SendGeneralRequestsService
         ╵             [32m~~~~~~~~~~~~~~~[0m

  This type does not have a value, so it cannot be used as injection token.

    src/app/apps/services/information-property/information-constructions-property/information-constructions.service.ts:25:29:
[37m      25 │     private requestsService: [32mSendGeneralRequestsService[37m
         ╵                              [32m~~~~~~~~~~~~~~~~~~~~~~~~~~[0m


[31mX [41;31m[[41;97mERROR[41;31m][0m [1mTS2304: Cannot find name 'SendGeneralRequestsService'.[0m [1m[35m[plugin angular-compiler][0m

    src/app/apps/services/information-property/information-constructions-property/information-constructions.service.ts:25:29:
[37m      25 │     private requestsService: [32mSendGeneralRequestsService[37m
         ╵                              [32m~~~~~~~~~~~~~~~~~~~~~~~~~~[0m


[31mX [41;31m[[41;97mERROR[41;31m][0m [1mTS2306: File 'C:/GeoGestionV2/src/app/features/bmp-workflows/index.ts' is not a module.[0m [1m[35m[plugin angular-compiler][0m

    src/app/features/bmp-workflows/components/document-table/document-table.component.ts:55:52:
[37m      55 │ ...wFileDocumentManagementComponent } from [32m'@features/bmp-workflows'[37m;
         ╵                                            [32m~~~~~~~~~~~~~~~~~~~~~~~~~[0m


[31mX [41;31m[[41;97mERROR[41;31m][0m [1mTS2305: Module '"@shared/components"' has no exported member 'AlfaMainInformationComponent'.[0m [1m[35m[plugin angular-compiler][0m

    src/app/pages/pages/bpm/core/cadastral/alf/main/alfa-main.component.ts:26:2:
[37m      26 │   [32mAlfaMainInformationComponent[37m
         ╵   [32m~~~~~~~~~~~~~~~~~~~~~~~~~~~~[0m


[31mX [41;31m[[41;97mERROR[41;31m][0m [1mTS-991010: 'imports' must be an array of components, directives, pipes, or NgModules.
  Value is of type '[MatStepperModule, MatButtonToggleModule, MatIconModule, MatButtonModule, MatExpansionModule, MatCheckboxModule, MatPaginatorModule, MatSortModule, MatTableModule, TabAlfaGeoMainComponent, (not statically analyzable)]'.[0m [1m[35m[plugin angular-compiler][0m

    src/app/pages/pages/bpm/core/cadastral/alf/main/alfa-main.component.ts:44:11:
[37m      44 │   imports: [32m[[37m
         ╵            [32m^[0m


[31mX [41;31m[[41;97mERROR[41;31m][0m [1mTS2305: Module '"@shared/components"' has no exported member 'TableThirdPartyAffectedComponent'.[0m [1m[35m[plugin angular-compiler][0m

    src/app/pages/pages/bpm/core/cadastral/recognition-property-information/recognition-property-information.component.ts:46:2:
[37m      46 │   [32mTableThirdPartyAffectedComponent[37m
         ╵   [32m~~~~~~~~~~~~~~~~~~~~~~~~~~~~~~~~[0m


[31mX [41;31m[[41;97mERROR[41;31m][0m [1mTS-991010: 'imports' must be an array of components, directives, pipes, or NgModules.
  Value is of type '[MatTableModule, MatIconModule, MatButtonModule, SweetAlert2Module, VexPageLayoutComponent, DynamicFormsComponent, VexPageLayoutContentDirective, FluidMinHeightDirective, (not statically analyzable)]'.[0m [1m[35m[plugin angular-compiler][0m

    src/app/pages/pages/bpm/core/cadastral/recognition-property-information/recognition-property-information.component.ts:60:11:
[37m      60 │   imports: [32m[[37m
         ╵            [32m^[0m


[31mX [41;31m[[41;97mERROR[41;31m][0m [1mTS2305: Module '"@shared/components"' has no exported member 'TableThirdPartyAffectedComponent'.[0m [1m[35m[plugin angular-compiler][0m

    src/app/pages/pages/bpm/core/cadastral/res/validate/res-validate.component.ts:31:9:
[37m      31 │ import { [32mTableThirdPartyAffectedComponent[37m } from '@shared/componen...
         ╵          [32m~~~~~~~~~~~~~~~~~~~~~~~~~~~~~~~~[0m


[31mX [41;31m[[41;97mERROR[41;31m][0m [1mTS-991010: 'imports' must be an array of components, directives, pipes, or NgModules.
  Value is of type '[MatTabsModule, MatIconModule, MatButtonModule, MatIconModule, MatProgressSpinnerModule, DynamicFormsComponent, SweetAlert2Module, VexPageLayoutComponent, VexPageLayoutContentDirective, FluidHeightDirective, FluidMaxHeightDirective, (not statically analyzable)]'.[0m [1m[35m[plugin angular-compiler][0m

    src/app/pages/pages/bpm/core/cadastral/res/validate/res-validate.component.ts:40:11:
[37m      40 │   imports: [32m[[37m
         ╵            [32m^[0m


[31mX [41;31m[[41;97mERROR[41;31m][0m [1mTS2305: Module '"@shared/components"' has no exported member 'AlfaMainInformationComponent'.[0m [1m[35m[plugin angular-compiler][0m

    src/app/pages/pages/bpm/core/cadastral/tab-alfa-geo-main/tab-alfa-geo-main.component.ts:24:9:
[37m      24 │ import { [32mAlfaMainInformationComponent[37m } from '@shared/components';
         ╵          [32m~~~~~~~~~~~~~~~~~~~~~~~~~~~~[0m


[31mX [41;31m[[41;97mERROR[41;31m][0m [1mTS-991010: 'imports' must be an array of components, directives, pipes, or NgModules.
  Value is of type '[VexPageLayoutComponent, VexPageLayoutContentDirective, MatTabGroup, MatTab, MatIcon, MatTabLabel, GeographicViewerEmbeddedComponent, FluidHeightDirective, (not statically analyzable)]'.[0m [1m[35m[plugin angular-compiler][0m

    src/app/pages/pages/bpm/core/cadastral/tab-alfa-geo-main/tab-alfa-geo-main.component.ts:43:11:
[37m      43 │   imports: [32m[[37m
         ╵            [32m^[0m


[31mX [41;31m[[41;97mERROR[41;31m][0m [1mTS2724: '"@shared/services"' has no exported member named 'ParticipantsProcessService'. Did you mean 'ParticipantsService'?[0m [1m[35m[plugin angular-compiler][0m

    src/app/pages/pages/bpm/core/citation-and-notice/citation-notice-grid/citation-notice-grid.component.ts:23:9:
[37m      23 │ import { [32mParticipantsProcessService[37m } from '@shared/services';
         ╵          [32m~~~~~~~~~~~~~~~~~~~~~~~~~~[0m


[31mX [41;31m[[41;97mERROR[41;31m][0m [1mTS2339: Property 'sendAttachment' does not exist on type 'AttachmentService'.[0m [1m[35m[plugin angular-compiler][0m

    src/app/pages/pages/bpm/core/document/main/attachment-form/attachment-form.component.ts:240:27:
[37m      240 │     this.attachmentService.[32msendAttachment[37m(formData).subscribe(
          ╵                            [32m~~~~~~~~~~~~~~[0m


[31mX [41;31m[[41;97mERROR[41;31m][0m [1mTS2305: Module '"@shared/interfaces"' has no exported member 'BpmDocument'.[0m [1m[35m[plugin angular-compiler][0m

    src/app/pages/pages/bpm/initiate-filing-procedure/initiate-filing-procedure.component.ts:37:9:
[37m      37 │ import { [32mBpmDocument[37m } from '@shared/interfaces';
         ╵          [32m~~~~~~~~~~~[0m


[31mX [41;31m[[41;97mERROR[41;31m][0m [1mTS2305: Module '"@shared/services"' has no exported member 'PermissionVailable'.[0m [1m[35m[plugin angular-compiler][0m

    src/app/pages/pages/bpm/initiate-filing-procedure/initiate-filing-procedure.component.ts:38:28:
[37m      38 │ ...t { BpmProcessService, [32mPermissionVailable[37m } from '@shared/servi...
         ╵                           [32m~~~~~~~~~~~~~~~~~~[0m


[31mX [41;31m[[41;97mERROR[41;31m][0m [1mNG2: Type 'GeoeconomicZoneService' is not assignable to type 'ZoneServices'.
  The types returned by 'getZones(...)' are incompatible between these types.
    Type 'Observable<GeoEconomicZone[]>' is not assignable to type 'Observable<UrbanZone[] | RuralZone[] | GeoEconomicZone[]>'.
      Type 'GeoEconomicZone[]' is not assignable to type 'UrbanZone[] | RuralZone[] | GeoEconomicZone[]'.
        Type 'GeoEconomicZone[]' is not assignable to type 'UrbanZone[]'.
          Type 'GeoEconomicZone' is missing the following properties from type 'UrbanZone': zonaHomoFisicaUrId, zonaHomoFisicaUrCode, domTopografiaZonaTipo, domInfluenciaVialUrbanaTipo, and 4 more.[0m [1m[35m[plugin angular-compiler][0m

    src/app/pages/pages/configuration/cadastral/economic-mod-land/economic-mod-land.component.html:135:17:
[37m      135 │                 [[32mservice[37m]="geoeconomicZoneService"
          ╵                  [32m~~~~~~~[0m

  Error occurs in the template of component EconomicModLandComponent.

    src/app/pages/pages/configuration/cadastral/economic-mod-land/economic-mod-land.component.ts:82:15:
[37m      82 │   templateUrl: [32m'./economic-mod-land.component.html'[37m,
         ╵                [32m~~~~~~~~~~~~~~~~~~~~~~~~~~~~~~~~~~~~[0m


[31mX [41;31m[[41;97mERROR[41;31m][0m [1mTS2769: No overload matches this call.
  Overload 1 of 2, '(observerOrNext?: Partial<Observer<GeoEconomicZone[]>> | ((value: GeoEconomicZone[]) => void) | undefined): Subscription', gave the following error.
    Type '(result: GeoEconomicZone[]) => GeoEconomicZone[]' is not assignable to type '(value: GeoEconomicZone[]) => void'.
      Types of parameters 'result' and 'value' are incompatible.
        Type 'import("C:/GeoGestionV2/src/app/apps/interfaces/information-property/geo-economic-zone").GeoEconomicZone[]' is not assignable to type 'import("C:/GeoGestionV2/src/app/apps/interfaces/economic-mod-land/zone-description").GeoEconomicZone[]'.
          Type 'import("C:/GeoGestionV2/src/app/apps/interfaces/information-property/geo-economic-zone").GeoEconomicZone' is not assignable to type 'import("C:/GeoGestionV2/src/app/apps/interfaces/economic-mod-land/zone-description").GeoEconomicZone'.
  Overload 2 of 2, '(next?: ((value: GeoEconomicZone[]) => void) | null | undefined, error?: ((error: any) => void) | null | undefined, complete?: (() => void) | null | undefined): Subscription', gave the following error.
    Object literal may only specify known properties, and 'next' does not exist in type '(value: GeoEconomicZone[]) => void'.[0m [1m[35m[plugin angular-compiler][0m

    src/app/pages/pages/configuration/cadastral/economic-mod-land/economic-mod-land.component.ts:215:8:
[37m      215 │         [32mnext[37m: ((result: GeoEconomicZone[]) => this.dataSource.geo...
          ╵         [32m~~~~[0m


[31mX [41;31m[[41;97mERROR[41;31m][0m [1mTS2305: Module '"../../apps/interfaces/users/digitalized-signatures"' has no exported member 'DigitalizedSignatures'.[0m [1m[35m[plugin angular-compiler][0m

    src/app/shared/interfaces/index.ts:28:9:
[37m      28 │ export { [32mDigitalizedSignatures[37m, Pageable as DigitalizedPageable, S...
         ╵          [32m~~~~~~~~~~~~~~~~~~~~~[0m


[31mX [41;31m[[41;97mERROR[41;31m][0m [1mTS2305: Module '"../../apps/interfaces/users/digitalized-signatures"' has no exported member 'DecodeJwt'.[0m [1m[35m[plugin angular-compiler][0m

    src/app/shared/interfaces/index.ts:28:107:
[37m      28 │ ...izedSort, UsersSignatures, [32mDecodeJwt[37m, UserDetails } from '../.....
         ╵                               [32m~~~~~~~~~[0m


[31mX [41;31m[[41;97mERROR[41;31m][0m [1mTS2459: Module '"../../apps/interfaces/users/digitalized-signatures"' declares 'UserDetails' locally, but it is not exported.[0m [1m[35m[plugin angular-compiler][0m

    src/app/shared/interfaces/index.ts:28:118:
[37m      28 │ ...ersSignatures, DecodeJwt, [32mUserDetails[37m } from '../../apps/interf...
         ╵                              [32m~~~~~~~~~~~[0m

  'UserDetails' is declared here.

    src/app/apps/interfaces/users/digitalized-signatures.ts:1:9:
[37m      1 │ import { [32mUserDetails[37m } from '@shared/interfaces';
        ╵          [32m~~~~~~~~~~~[0m


[31mX [41;31m[[41;97mERROR[41;31m][0m [1mTS2305: Module '"../../shared/models/user.model"' has no exported member 'User'.[0m [1m[35m[plugin angular-compiler][0m

    src/app/shared/interfaces/index.ts:29:9:
[37m      29 │ export { [32mUser[37m, Authority as UserAuthority } from '../../shared/mod...
         ╵          [32m~~~~[0m


[31mX [41;31m[[41;97mERROR[41;31m][0m [1mTS2305: Module '"../../apps/interfaces/bpm/task-response.model"' has no exported member 'TaskResponse'.[0m [1m[35m[plugin angular-compiler][0m

    src/app/shared/interfaces/index.ts:57:9:
[37m      57 │ export { [32mTaskResponse[37m, TaskResponseContent, TaskResponseModel } fr...
         ╵          [32m~~~~~~~~~~~~[0m


[31mX [41;31m[[41;97mERROR[41;31m][0m [1mTS2305: Module '"../../apps/interfaces/bpm/task-response.model"' has no exported member 'TaskResponseContent'.[0m [1m[35m[plugin angular-compiler][0m

    src/app/shared/interfaces/index.ts:57:23:
[37m      57 │ export { TaskResponse, [32mTaskResponseContent[37m, TaskResponseModel } fr...
         ╵                        [32m~~~~~~~~~~~~~~~~~~~[0m


[31mX [41;31m[[41;97mERROR[41;31m][0m [1mTS2308: Module '../../apps/interfaces/information-property/info-person' has already exported a member named 'InfoPerson'. Consider explicitly re-exporting to resolve the ambiguity.[0m [1m[35m[plugin angular-compiler][0m

    src/app/shared/interfaces/index.ts:81:0:
[37m      81 │ [32mexport * from '../../apps/interfaces/bpm/changes-property-owner';[37m
         ╵ [32m~~~~~~~~~~~~~~~~~~~~~~~~~~~~~~~~~~~~~~~~~~~~~~~~~~~~~~~~~~~~~~~~~[0m


[31mX [41;31m[[41;97mERROR[41;31m][0m [1mTS2308: Module '../../apps/interfaces/information-property/geo-economic-zone' has already exported a member named 'GeoEconomicZone'. Consider explicitly re-exporting to resolve the ambiguity.[0m [1m[35m[plugin angular-compiler][0m

    src/app/shared/interfaces/index.ts:83:0:
[37m      83 │ [32mexport * from '../../apps/interfaces/economic-mod-land/zone-descri[37m...
         ╵ [32m~~~~~~~~~~~~~~~~~~~~~~~~~~~~~~~~~~~~~~~~~~~~~~~~~~~~~~~~~~~~~~~~~~[0m


[31mX [41;31m[[41;97mERROR[41;31m][0m [1mTS2308: Module '../../apps/interfaces/information-property/zone-baunit' has already exported a member named 'CadastreChangeLog'. Consider explicitly re-exporting to resolve the ambiguity.[0m [1m[35m[plugin angular-compiler][0m

    src/app/shared/interfaces/index.ts:83:0:
[37m      83 │ [32mexport * from '../../apps/interfaces/economic-mod-land/zone-descri[37m...
         ╵ [32m~~~~~~~~~~~~~~~~~~~~~~~~~~~~~~~~~~~~~~~~~~~~~~~~~~~~~~~~~~~~~~~~~~[0m


[31mX [41;31m[[41;97mERROR[41;31m][0m [1mTS2308: Module '../../apps/interfaces/users/user' has already exported a member named 'Pageable'. Consider explicitly re-exporting to resolve the ambiguity.[0m [1m[35m[plugin angular-compiler][0m

    src/app/shared/interfaces/index.ts:86:0:
[37m      86 │ [32mexport * from '../../apps/interfaces/information-property/baunit-n[37m...
         ╵ [32m~~~~~~~~~~~~~~~~~~~~~~~~~~~~~~~~~~~~~~~~~~~~~~~~~~~~~~~~~~~~~~~~~~[0m


[31mX [41;31m[[41;97mERROR[41;31m][0m [1mTS2308: Module '../../apps/interfaces/users/user' has already exported a member named 'Sort'. Consider explicitly re-exporting to resolve the ambiguity.[0m [1m[35m[plugin angular-compiler][0m

    src/app/shared/interfaces/index.ts:86:0:
[37m      86 │ [32mexport * from '../../apps/interfaces/information-property/baunit-n[37m...
         ╵ [32m~~~~~~~~~~~~~~~~~~~~~~~~~~~~~~~~~~~~~~~~~~~~~~~~~~~~~~~~~~~~~~~~~~[0m

[39m[22m
 ELIFECYCLE  Command failed with exit code 1.
